0 info it worked if it ends with ok
1 verbose cli [ '/usr/local/Cellar/node/7.4.0/bin/node',
1 verbose cli   '/usr/local/bin/npm',
1 verbose cli   'install' ]
2 info using npm@4.1.1
3 info using node@v7.4.0
4 silly loadCurrentTree Starting
5 silly install loadCurrentTree
6 silly install readLocalPackageData
7 silly install normalizeTree
8 silly loadCurrentTree Finishing
9 silly loadIdealTree Starting
10 silly install loadIdealTree
11 silly cloneCurrentTree Starting
12 silly install cloneCurrentTreeToIdealTree
13 silly cloneCurrentTree Finishing
14 silly loadShrinkwrap Starting
15 silly install loadShrinkwrap
16 silly loadShrinkwrap Finishing
17 silly loadAllDepsIntoIdealTree Starting
18 silly install loadAllDepsIntoIdealTree
19 silly loadAllDepsIntoIdealTree Finishing
20 silly loadIdealTree Finishing
21 silly currentTree rick-and-morty-quotes@1.0.0
21 silly currentTree ├── @types/jasmine@2.5.38
21 silly currentTree ├── @types/node@6.0.52
21 silly currentTree ├── @types/q@0.0.32
21 silly currentTree ├── @types/selenium-webdriver@2.53.36
21 silly currentTree ├── abbrev@1.0.9
21 silly currentTree ├── accepts@1.3.3
21 silly currentTree ├── acorn-jsx@3.0.1
21 silly currentTree ├── acorn-object-spread@1.0.0
21 silly currentTree ├── acorn@3.3.0
21 silly currentTree ├── adm-zip@0.4.7
21 silly currentTree ├── after@0.8.1
21 silly currentTree ├─┬ agent-base@2.0.1
21 silly currentTree │ └── semver@5.0.3
21 silly currentTree ├── angular-mocks@1.6.0
21 silly currentTree ├── angular-moment@1.0.1
21 silly currentTree ├── angular-ui-router@1.0.0-beta.3
21 silly currentTree ├── angular@1.6.0
21 silly currentTree ├── ansi-regex@2.0.0
21 silly currentTree ├── ansi-styles@2.2.1
21 silly currentTree ├── anymatch@1.3.0
21 silly currentTree ├── ap@0.2.0
21 silly currentTree ├── aproba@1.0.4
21 silly currentTree ├── archy@1.0.0
21 silly currentTree ├── are-we-there-yet@1.1.2
21 silly currentTree ├── arr-diff@2.0.0
21 silly currentTree ├── arr-flatten@1.0.1
21 silly currentTree ├── array-differ@1.0.0
21 silly currentTree ├── array-find-index@1.0.2
21 silly currentTree ├── array-flatten@1.1.1
21 silly currentTree ├── array-union@1.0.2
21 silly currentTree ├── array-uniq@1.0.3
21 silly currentTree ├── array-unique@0.2.1
21 silly currentTree ├── arraybuffer.slice@0.0.6
21 silly currentTree ├── arrify@1.0.1
21 silly currentTree ├── asn1@0.2.3
21 silly currentTree ├── assert-plus@1.0.0
21 silly currentTree ├── assertion-error@1.0.2
21 silly currentTree ├── async-each-series@0.1.1
21 silly currentTree ├── async-each@1.0.1
21 silly currentTree ├── async@1.5.2
21 silly currentTree ├── asynckit@0.4.0
21 silly currentTree ├── aws-sign2@0.6.0
21 silly currentTree ├── aws4@1.5.0
21 silly currentTree ├── babel-runtime@6.20.0
21 silly currentTree ├── backo2@1.0.2
21 silly currentTree ├── balanced-match@0.4.2
21 silly currentTree ├── base64-arraybuffer@0.1.5
21 silly currentTree ├── base64id@0.1.0
21 silly currentTree ├── basic-auth@1.0.4
21 silly currentTree ├── batch@0.5.3
21 silly currentTree ├── bcrypt-pbkdf@1.0.0
21 silly currentTree ├── beeper@1.1.1
21 silly currentTree ├── better-assert@1.0.2
21 silly currentTree ├── binary-extensions@1.8.0
21 silly currentTree ├── blob@0.0.4
21 silly currentTree ├── block-stream@0.0.9
21 silly currentTree ├── bluebird@3.4.6
21 silly currentTree ├─┬ body-parser@1.15.2
21 silly currentTree │ └── qs@6.2.0
21 silly currentTree ├── boom@2.10.1
21 silly currentTree ├── bootstrap@3.3.7
21 silly currentTree ├── brace-expansion@1.1.6
21 silly currentTree ├── braces@1.8.5
21 silly currentTree ├── browser-sync-client@2.4.4
21 silly currentTree ├── browser-sync-ui@0.6.2
21 silly currentTree ├── browser-sync@2.18.5
21 silly currentTree ├── bs-recipes@1.3.2
21 silly currentTree ├── buble@0.12.5
21 silly currentTree ├── bubleify@0.5.1
21 silly currentTree ├── buffer-shims@1.0.0
21 silly currentTree ├── buffer-writer@1.0.1
21 silly currentTree ├── builtin-modules@1.1.1
21 silly currentTree ├── bytes@2.4.0
21 silly currentTree ├── callsite@1.0.0
21 silly currentTree ├─┬ camelcase-keys@2.1.0
21 silly currentTree │ └── camelcase@2.1.1
21 silly currentTree ├── camelcase@3.0.0
21 silly currentTree ├── caseless@0.11.0
21 silly currentTree ├── chai-as-promised@6.0.0
21 silly currentTree ├── chai-http@3.0.0
21 silly currentTree ├── chai@3.5.0
21 silly currentTree ├─┬ chalk@1.1.3
21 silly currentTree │ └── supports-color@2.0.0
21 silly currentTree ├── check-error@1.0.2
21 silly currentTree ├── chokidar@1.6.1
21 silly currentTree ├── cliui@3.2.0
21 silly currentTree ├── clone-stats@0.0.1
21 silly currentTree ├── clone@1.0.2
21 silly currentTree ├── code-point-at@1.1.0
21 silly currentTree ├── colors@1.1.2
21 silly currentTree ├── combined-stream@1.0.5
21 silly currentTree ├── commander@2.9.0
21 silly currentTree ├── component-bind@1.0.0
21 silly currentTree ├── component-emitter@1.2.1
21 silly currentTree ├── component-inherit@0.0.3
21 silly currentTree ├── concat-map@0.0.1
21 silly currentTree ├── configstore@1.4.0
21 silly currentTree ├── connect-history-api-fallback@1.3.0
21 silly currentTree ├── connect@3.5.0
21 silly currentTree ├── console-control-strings@1.1.0
21 silly currentTree ├── content-disposition@0.5.1
21 silly currentTree ├── content-type@1.0.2
21 silly currentTree ├── cookie-signature@1.0.6
21 silly currentTree ├── cookie@0.3.1
21 silly currentTree ├── cookiejar@2.0.6
21 silly currentTree ├── core-js@2.4.1
21 silly currentTree ├── core-util-is@1.0.2
21 silly currentTree ├── cors@2.8.3
21 silly currentTree ├── cryptiles@2.0.5
21 silly currentTree ├── currently-unhandled@0.4.1
21 silly currentTree ├── dashdash@1.14.1
21 silly currentTree ├── dateformat@1.0.12
21 silly currentTree ├── debug@2.2.0
21 silly currentTree ├── decamelize@1.2.0
21 silly currentTree ├─┬ deep-eql@0.1.3
21 silly currentTree │ └── type-detect@0.1.1
21 silly currentTree ├── deep-extend@0.4.1
21 silly currentTree ├── defaults@1.0.3
21 silly currentTree ├── del@2.2.2
21 silly currentTree ├── delayed-stream@1.0.0
21 silly currentTree ├── delegates@1.0.0
21 silly currentTree ├── depd@1.1.0
21 silly currentTree ├── deprecated@0.0.1
21 silly currentTree ├── destroy@1.0.4
21 silly currentTree ├── detect-file@0.1.0
21 silly currentTree ├── dev-ip@1.0.1
21 silly currentTree ├── diff@1.4.0
21 silly currentTree ├── duplexer@0.1.1
21 silly currentTree ├─┬ duplexer2@0.0.2
21 silly currentTree │ └── readable-stream@1.1.14
21 silly currentTree ├─┬ duplexify@3.5.0
21 silly currentTree │ └── end-of-stream@1.0.0
21 silly currentTree ├─┬ easy-extender@2.3.2
21 silly currentTree │ └── lodash@3.10.1
21 silly currentTree ├── eazy-logger@3.0.2
21 silly currentTree ├── ecc-jsbn@0.1.1
21 silly currentTree ├── ee-first@1.1.1
21 silly currentTree ├── emitter-steward@1.0.0
21 silly currentTree ├── encodeurl@1.0.1
21 silly currentTree ├── end-of-stream@0.1.5
21 silly currentTree ├─┬ engine.io-client@1.8.0
21 silly currentTree │ ├── debug@2.3.3
21 silly currentTree │ └── ms@0.7.2
21 silly currentTree ├─┬ engine.io-parser@1.3.1
21 silly currentTree │ └── has-binary@0.1.6
21 silly currentTree ├─┬ engine.io@1.8.0
21 silly currentTree │ ├── debug@2.3.3
21 silly currentTree │ └── ms@0.7.2
21 silly currentTree ├── error-ex@1.3.0
21 silly currentTree ├── es6-promise@3.3.1
21 silly currentTree ├── escape-html@1.0.3
21 silly currentTree ├── escape-string-regexp@1.0.2
21 silly currentTree ├── etag@1.7.0
21 silly currentTree ├── event-stream@3.3.4
21 silly currentTree ├── eventemitter3@1.2.0
21 silly currentTree ├── exit@0.1.2
21 silly currentTree ├── expand-brackets@0.1.5
21 silly currentTree ├── expand-range@1.8.2
21 silly currentTree ├── expand-tilde@1.2.2
21 silly currentTree ├─┬ express@4.14.0
21 silly currentTree │ └── qs@6.2.0
21 silly currentTree ├── extend@3.0.0
21 silly currentTree ├── extglob@0.3.2
21 silly currentTree ├── extsprintf@1.0.2
21 silly currentTree ├── fancy-log@1.2.0
21 silly currentTree ├── filename-regex@2.0.0
21 silly currentTree ├── fill-range@2.2.3
21 silly currentTree ├── finalhandler@0.5.0
21 silly currentTree ├── find-index@0.1.1
21 silly currentTree ├── find-up@1.1.2
21 silly currentTree ├── findup-sync@0.4.3
21 silly currentTree ├── first-chunk-stream@1.0.0
21 silly currentTree ├── flagged-respawn@0.3.2
21 silly currentTree ├── for-in@0.1.6
21 silly currentTree ├── for-own@0.1.4
21 silly currentTree ├── forever-agent@0.6.1
21 silly currentTree ├── form-data@2.1.2
21 silly currentTree ├── formatio@1.1.1
21 silly currentTree ├── formidable@1.0.17
21 silly currentTree ├── forwarded@0.1.0
21 silly currentTree ├── fresh@0.3.0
21 silly currentTree ├── from@0.1.3
21 silly currentTree ├── fs-exists-sync@0.1.0
21 silly currentTree ├── fs-extra@1.0.0
21 silly currentTree ├── fs.realpath@1.0.0
21 silly currentTree ├─┬ fsevents@1.0.15
21 silly currentTree │ ├── abbrev@1.0.9
21 silly currentTree │ ├── ansi-regex@2.0.0
21 silly currentTree │ ├── ansi-styles@2.2.1
21 silly currentTree │ ├── aproba@1.0.4
21 silly currentTree │ ├── are-we-there-yet@1.1.2
21 silly currentTree │ ├── asn1@0.2.3
21 silly currentTree │ ├── assert-plus@0.2.0
21 silly currentTree │ ├── async@1.5.2
21 silly currentTree │ ├── aws-sign2@0.6.0
21 silly currentTree │ ├── aws4@1.4.1
21 silly currentTree │ ├── balanced-match@0.4.2
21 silly currentTree │ ├─┬ bl@1.1.2
21 silly currentTree │ │ └── readable-stream@2.0.6
21 silly currentTree │ ├── block-stream@0.0.9
21 silly currentTree │ ├── boom@2.10.1
21 silly currentTree │ ├── brace-expansion@1.1.5
21 silly currentTree │ ├── buffer-shims@1.0.0
21 silly currentTree │ ├── caseless@0.11.0
21 silly currentTree │ ├── chalk@1.1.3
21 silly currentTree │ ├── code-point-at@1.0.0
21 silly currentTree │ ├── combined-stream@1.0.5
21 silly currentTree │ ├── commander@2.9.0
21 silly currentTree │ ├── concat-map@0.0.1
21 silly currentTree │ ├── console-control-strings@1.1.0
21 silly currentTree │ ├── core-util-is@1.0.2
21 silly currentTree │ ├── cryptiles@2.0.5
21 silly currentTree │ ├─┬ dashdash@1.14.0
21 silly currentTree │ │ └── assert-plus@1.0.0
21 silly currentTree │ ├── debug@2.2.0
21 silly currentTree │ ├── deep-extend@0.4.1
21 silly currentTree │ ├── delayed-stream@1.0.0
21 silly currentTree │ ├── delegates@1.0.0
21 silly currentTree │ ├── ecc-jsbn@0.1.1
21 silly currentTree │ ├── escape-string-regexp@1.0.5
21 silly currentTree │ ├── extend@3.0.0
21 silly currentTree │ ├── extsprintf@1.0.2
21 silly currentTree │ ├── forever-agent@0.6.1
21 silly currentTree │ ├── form-data@1.0.0-rc4
21 silly currentTree │ ├── fs.realpath@1.0.0
21 silly currentTree │ ├── fstream-ignore@1.0.5
21 silly currentTree │ ├── fstream@1.0.10
21 silly currentTree │ ├── gauge@2.6.0
21 silly currentTree │ ├── generate-function@2.0.0
21 silly currentTree │ ├── generate-object-property@1.2.0
21 silly currentTree │ ├─┬ getpass@0.1.6
21 silly currentTree │ │ └── assert-plus@1.0.0
21 silly currentTree │ ├── glob@7.0.5
21 silly currentTree │ ├── graceful-fs@4.1.4
21 silly currentTree │ ├── graceful-readlink@1.0.1
21 silly currentTree │ ├── har-validator@2.0.6
21 silly currentTree │ ├── has-ansi@2.0.0
21 silly currentTree │ ├── has-color@0.1.7
21 silly currentTree │ ├── has-unicode@2.0.1
21 silly currentTree │ ├── hawk@3.1.3
21 silly currentTree │ ├── hoek@2.16.3
21 silly currentTree │ ├── http-signature@1.1.1
21 silly currentTree │ ├── inflight@1.0.5
21 silly currentTree │ ├── inherits@2.0.1
21 silly currentTree │ ├── ini@1.3.4
21 silly currentTree │ ├── is-fullwidth-code-point@1.0.0
21 silly currentTree │ ├── is-my-json-valid@2.13.1
21 silly currentTree │ ├── is-property@1.0.2
21 silly currentTree │ ├── is-typedarray@1.0.0
21 silly currentTree │ ├── isarray@1.0.0
21 silly currentTree │ ├── isstream@0.1.2
21 silly currentTree │ ├── jodid25519@1.0.2
21 silly currentTree │ ├── jsbn@0.1.0
21 silly currentTree │ ├── json-schema@0.2.2
21 silly currentTree │ ├── json-stringify-safe@5.0.1
21 silly currentTree │ ├── jsonpointer@2.0.0
21 silly currentTree │ ├── jsprim@1.3.0
21 silly currentTree │ ├── mime-db@1.23.0
21 silly currentTree │ ├── mime-types@2.1.11
21 silly currentTree │ ├── minimatch@3.0.2
21 silly currentTree │ ├── minimist@0.0.8
21 silly currentTree │ ├── mkdirp@0.5.1
21 silly currentTree │ ├── ms@0.7.1
21 silly currentTree │ ├── node-pre-gyp@0.6.29
21 silly currentTree │ ├── node-uuid@1.4.7
21 silly currentTree │ ├── nopt@3.0.6
21 silly currentTree │ ├── npmlog@3.1.2
21 silly currentTree │ ├── number-is-nan@1.0.0
21 silly currentTree │ ├── oauth-sign@0.8.2
21 silly currentTree │ ├── object-assign@4.1.0
21 silly currentTree │ ├── once@1.3.3
21 silly currentTree │ ├── path-is-absolute@1.0.0
21 silly currentTree │ ├── pinkie-promise@2.0.1
21 silly currentTree │ ├── pinkie@2.0.4
21 silly currentTree │ ├── process-nextick-args@1.0.7
21 silly currentTree │ ├── qs@6.2.0
21 silly currentTree │ ├─┬ rc@1.1.6
21 silly currentTree │ │ └── minimist@1.2.0
21 silly currentTree │ ├── readable-stream@2.1.4
21 silly currentTree │ ├── request@2.73.0
21 silly currentTree │ ├── rimraf@2.5.3
21 silly currentTree │ ├── semver@5.2.0
21 silly currentTree │ ├── set-blocking@2.0.0
21 silly currentTree │ ├── signal-exit@3.0.0
21 silly currentTree │ ├── sntp@1.0.9
21 silly currentTree │ ├─┬ sshpk@1.8.3
21 silly currentTree │ │ └── assert-plus@1.0.0
21 silly currentTree │ ├── string_decoder@0.10.31
21 silly currentTree │ ├── string-width@1.0.1
21 silly currentTree │ ├── stringstream@0.0.5
21 silly currentTree │ ├── strip-ansi@3.0.1
21 silly currentTree │ ├── strip-json-comments@1.0.4
21 silly currentTree │ ├── supports-color@2.0.0
21 silly currentTree │ ├── tar-pack@3.1.4
21 silly currentTree │ ├── tar@2.2.1
21 silly currentTree │ ├── tough-cookie@2.2.2
21 silly currentTree │ ├── tunnel-agent@0.4.3
21 silly currentTree │ ├── tweetnacl@0.13.3
21 silly currentTree │ ├── uid-number@0.0.6
21 silly currentTree │ ├── util-deprecate@1.0.2
21 silly currentTree │ ├── verror@1.3.6
21 silly currentTree │ ├── wide-align@1.1.0
21 silly currentTree │ ├── wrappy@1.0.2
21 silly currentTree │ └── xtend@4.0.1
21 silly currentTree ├── fstream-ignore@1.0.5
21 silly currentTree ├── fstream@1.0.10
21 silly currentTree ├─┬ gauge@2.7.2
21 silly currentTree │ └── supports-color@0.2.0
21 silly currentTree ├── gaze@0.5.2
21 silly currentTree ├── generate-function@2.0.0
21 silly currentTree ├── generate-object-property@1.2.0
21 silly currentTree ├── generic-pool@2.5.0
21 silly currentTree ├── get-caller-file@1.0.2
21 silly currentTree ├── get-stdin@4.0.1
21 silly currentTree ├── getpass@0.1.6
21 silly currentTree ├── glob-base@0.3.0
21 silly currentTree ├── glob-parent@2.0.0
21 silly currentTree ├─┬ glob-stream@3.1.18
21 silly currentTree │ ├── glob@4.5.3
21 silly currentTree │ ├── minimatch@2.0.10
21 silly currentTree │ └── once@1.4.0
21 silly currentTree ├── glob-watcher@0.0.6
21 silly currentTree ├─┬ glob@7.1.1
21 silly currentTree │ └── once@1.4.0
21 silly currentTree ├── glob2base@0.0.12
21 silly currentTree ├── global-modules@0.2.3
21 silly currentTree ├── global-prefix@0.1.5
21 silly currentTree ├── globby@5.0.0
21 silly currentTree ├─┬ globule@0.1.0
21 silly currentTree │ ├── glob@3.1.21
21 silly currentTree │ ├── graceful-fs@1.2.3
21 silly currentTree │ ├── inherits@1.0.2
21 silly currentTree │ ├── lodash@1.0.2
21 silly currentTree │ └── minimatch@0.2.14
21 silly currentTree ├── glogg@1.0.0
21 silly currentTree ├─┬ got@3.3.1
21 silly currentTree │ └── object-assign@3.0.0
21 silly currentTree ├── graceful-fs@4.1.11
21 silly currentTree ├── graceful-readlink@1.0.1
21 silly currentTree ├── growl@1.9.2
21 silly currentTree ├── gulp-nodemon@2.2.1
21 silly currentTree ├─┬ gulp-util@3.0.7
21 silly currentTree │ ├── minimist@1.1.3
21 silly currentTree │ ├── object-assign@3.0.0
21 silly currentTree │ ├── through2@2.0.3
21 silly currentTree │ └── vinyl@0.5.3
21 silly currentTree ├─┬ gulp@3.9.1
21 silly currentTree │ ├── interpret@1.0.1
21 silly currentTree │ ├── minimist@1.1.3
21 silly currentTree │ └── semver@4.3.2
21 silly currentTree ├── gulplog@1.0.0
21 silly currentTree ├── har-validator@2.0.6
21 silly currentTree ├── has-ansi@2.0.0
21 silly currentTree ├── has-binary@0.1.7
21 silly currentTree ├── has-cors@1.1.0
21 silly currentTree ├── has-gulplog@0.1.0
21 silly currentTree ├── has-unicode@2.0.1
21 silly currentTree ├── hat@0.0.3
21 silly currentTree ├── hawk@3.1.3
21 silly currentTree ├── hoek@2.16.3
21 silly currentTree ├── homedir-polyfill@1.0.1
21 silly currentTree ├── hosted-git-info@2.1.5
21 silly currentTree ├── http-errors@1.5.1
21 silly currentTree ├── http-proxy@1.15.2
21 silly currentTree ├─┬ http-signature@1.1.1
21 silly currentTree │ └── assert-plus@0.2.0
21 silly currentTree ├─┬ https-proxy-agent@1.0.0
21 silly currentTree │ ├── debug@2.3.3
21 silly currentTree │ └── ms@0.7.2
21 silly currentTree ├── iconv-lite@0.4.13
21 silly currentTree ├── ignore-by-default@1.0.1
21 silly currentTree ├── immutable@3.8.1
21 silly currentTree ├── imurmurhash@0.1.4
21 silly currentTree ├─┬ indent-string@2.1.0
21 silly currentTree │ └── repeating@2.0.1
21 silly currentTree ├── indexof@0.0.1
21 silly currentTree ├── infinity-agent@2.0.3
21 silly currentTree ├─┬ inflight@1.0.6
21 silly currentTree │ └── once@1.4.0
21 silly currentTree ├── inherits@2.0.3
21 silly currentTree ├── ini@1.3.4
21 silly currentTree ├── interpret@0.6.6
21 silly currentTree ├── invert-kv@1.0.0
21 silly currentTree ├── ip-regex@1.0.3
21 silly currentTree ├── ipaddr.js@1.1.1
21 silly currentTree ├── is-arrayish@0.2.1
21 silly currentTree ├── is-binary-path@1.0.1
21 silly currentTree ├── is-buffer@1.1.4
21 silly currentTree ├── is-builtin-module@1.0.0
21 silly currentTree ├── is-dotfile@1.0.2
21 silly currentTree ├── is-equal-shallow@0.1.3
21 silly currentTree ├── is-extendable@0.1.1
21 silly currentTree ├── is-extglob@1.0.0
21 silly currentTree ├── is-finite@1.0.2
21 silly currentTree ├── is-fullwidth-code-point@1.0.0
21 silly currentTree ├── is-glob@2.0.1
21 silly currentTree ├── is-ip@1.0.0
21 silly currentTree ├── is-my-json-valid@2.15.0
21 silly currentTree ├── is-npm@1.0.0
21 silly currentTree ├── is-number-like@1.0.7
21 silly currentTree ├── is-number@2.1.0
21 silly currentTree ├── is-path-cwd@1.0.0
21 silly currentTree ├── is-path-in-cwd@1.0.0
21 silly currentTree ├── is-path-inside@1.0.0
21 silly currentTree ├── is-posix-bracket@0.1.1
21 silly currentTree ├── is-primitive@2.0.0
21 silly currentTree ├── is-property@1.0.2
21 silly currentTree ├── is-redirect@1.0.0
21 silly currentTree ├── is-stream@1.1.0
21 silly currentTree ├── is-typedarray@1.0.0
21 silly currentTree ├── is-utf8@0.2.1
21 silly currentTree ├── is-windows@0.2.0
21 silly currentTree ├── isarray@0.0.1
21 silly currentTree ├── isexe@1.1.2
21 silly currentTree ├─┬ isobject@2.1.0
21 silly currentTree │ └── isarray@1.0.0
21 silly currentTree ├── isstream@0.1.2
21 silly currentTree ├─┬ jade@0.26.3
21 silly currentTree │ ├── commander@0.6.1
21 silly currentTree │ └── mkdirp@0.3.0
21 silly currentTree ├── jasmine-core@2.4.1
21 silly currentTree ├─┬ jasmine@2.4.1
21 silly currentTree │ ├── glob@3.2.11
21 silly currentTree │ └── minimatch@0.3.0
21 silly currentTree ├── jasminewd2@0.0.10
21 silly currentTree ├── jodid25519@1.0.2
21 silly currentTree ├── jquery@3.1.1
21 silly currentTree ├── jsbn@0.1.0
21 silly currentTree ├── json-schema@0.2.3
21 silly currentTree ├── json-stringify-safe@5.0.1
21 silly currentTree ├── json3@3.3.2
21 silly currentTree ├── jsonfile@2.4.0
21 silly currentTree ├── jsonpointer@4.0.0
21 silly currentTree ├── jsprim@1.3.1
21 silly currentTree ├── kind-of@3.1.0
21 silly currentTree ├── klaw@1.3.1
21 silly currentTree ├─┬ knex@0.12.6
21 silly currentTree │ ├── lodash@4.17.2
21 silly currentTree │ ├── minimist@1.1.3
21 silly currentTree │ └── readable-stream@1.1.14
21 silly currentTree ├── latest-version@1.0.1
21 silly currentTree ├── lcid@1.0.0
21 silly currentTree ├── liftoff@2.2.5
21 silly currentTree ├── limiter@1.1.0
21 silly currentTree ├─┬ load-json-file@1.1.0
21 silly currentTree │ └── strip-bom@2.0.0
21 silly currentTree ├─┬ localtunnel@1.8.2
21 silly currentTree │ ├── camelcase@1.2.1
21 silly currentTree │ ├── window-size@0.1.4
21 silly currentTree │ └── yargs@3.29.0
21 silly currentTree ├── lodash._baseassign@3.2.0
21 silly currentTree ├── lodash._basecopy@3.0.1
21 silly currentTree ├── lodash._basetostring@3.0.1
21 silly currentTree ├── lodash._basevalues@3.0.0
21 silly currentTree ├── lodash._bindcallback@3.0.1
21 silly currentTree ├── lodash._createassigner@3.1.1
21 silly currentTree ├── lodash._getnative@3.9.1
21 silly currentTree ├── lodash._isiterateecall@3.0.9
21 silly currentTree ├── lodash._reescape@3.0.0
21 silly currentTree ├── lodash._reevaluate@3.0.0
21 silly currentTree ├── lodash._reinterpolate@3.0.0
21 silly currentTree ├── lodash._root@3.0.1
21 silly currentTree ├── lodash.assign@3.2.0
21 silly currentTree ├── lodash.defaults@3.1.2
21 silly currentTree ├── lodash.escape@3.2.0
21 silly currentTree ├── lodash.isarguments@3.1.0
21 silly currentTree ├── lodash.isarray@3.0.4
21 silly currentTree ├── lodash.isfinite@3.3.2
21 silly currentTree ├── lodash.keys@3.1.2
21 silly currentTree ├── lodash.restparam@3.6.1
21 silly currentTree ├── lodash.template@3.6.2
21 silly currentTree ├── lodash.templatesettings@3.1.1
21 silly currentTree ├── lodash@4.17.4
21 silly currentTree ├── lolex@1.5.2
21 silly currentTree ├── loud-rejection@1.6.0
21 silly currentTree ├── lowercase-keys@1.0.0
21 silly currentTree ├── lru-cache@2.2.4
21 silly currentTree ├── magic-string@0.14.0
21 silly currentTree ├── map-obj@1.0.1
21 silly currentTree ├── map-stream@0.1.0
21 silly currentTree ├── media-typer@0.3.0
21 silly currentTree ├── meow@3.7.0
21 silly currentTree ├── merge-descriptors@1.0.1
21 silly currentTree ├── methods@1.1.2
21 silly currentTree ├── micromatch@2.3.11
21 silly currentTree ├── mime-db@1.25.0
21 silly currentTree ├── mime-types@2.1.13
21 silly currentTree ├── mime@1.3.4
21 silly currentTree ├── minimatch@3.0.3
21 silly currentTree ├── minimist@1.2.0
21 silly currentTree ├─┬ mkdirp@0.5.1
21 silly currentTree │ └── minimist@0.0.8
21 silly currentTree ├─┬ mocha@2.5.3
21 silly currentTree │ ├── commander@2.3.0
21 silly currentTree │ ├── glob@3.2.11
21 silly currentTree │ └── minimatch@0.3.0
21 silly currentTree ├── moment@2.17.1
21 silly currentTree ├── morgan@1.7.0
21 silly currentTree ├── ms@0.7.1
21 silly currentTree ├── multipipe@0.1.2
21 silly currentTree ├── nan@2.4.0
21 silly currentTree ├── natives@1.1.0
21 silly currentTree ├── negotiator@0.6.1
21 silly currentTree ├── nested-error-stacks@1.0.2
21 silly currentTree ├─┬ node-pre-gyp@0.6.32
21 silly currentTree │ ├── qs@6.3.0
21 silly currentTree │ ├── request@2.79.0
21 silly currentTree │ └── uuid@3.0.1
21 silly currentTree ├── node-uuid@1.4.7
21 silly currentTree ├── nodemon@1.11.0
21 silly currentTree ├── nopt@3.0.6
21 silly currentTree ├── normalize-package-data@2.3.5
21 silly currentTree ├── normalize-path@2.0.1
21 silly currentTree ├── npmlog@4.0.2
21 silly currentTree ├── number-is-nan@1.0.1
21 silly currentTree ├── oauth-sign@0.8.2
21 silly currentTree ├── object-assign@4.1.0
21 silly currentTree ├── object-component@0.0.3
21 silly currentTree ├── object-path@0.9.2
21 silly currentTree ├── object.omit@2.0.1
21 silly currentTree ├── on-finished@2.3.0
21 silly currentTree ├── on-headers@1.0.1
21 silly currentTree ├── once@1.3.3
21 silly currentTree ├── openurl@1.1.0
21 silly currentTree ├── opn@4.0.2
21 silly currentTree ├─┬ optimist@0.6.1
21 silly currentTree │ └── minimist@0.0.8
21 silly currentTree ├── options@0.0.6
21 silly currentTree ├── orchestrator@0.3.8
21 silly currentTree ├── ordered-read-streams@0.1.0
21 silly currentTree ├── os-homedir@1.0.2
21 silly currentTree ├── os-locale@1.4.0
21 silly currentTree ├── os-tmpdir@1.0.2
21 silly currentTree ├── osenv@0.1.4
21 silly currentTree ├── package-json@1.2.0
21 silly currentTree ├── packet-reader@0.2.0
21 silly currentTree ├── parse-glob@3.0.4
21 silly currentTree ├── parse-json@2.2.0
21 silly currentTree ├── parse-passwd@1.0.0
21 silly currentTree ├── parsejson@0.0.3
21 silly currentTree ├── parseqs@0.0.5
21 silly currentTree ├── parseuri@0.0.5
21 silly currentTree ├── parseurl@1.3.1
21 silly currentTree ├── path-exists@2.1.0
21 silly currentTree ├── path-is-absolute@1.0.1
21 silly currentTree ├── path-is-inside@1.0.2
21 silly currentTree ├── path-to-regexp@0.1.7
21 silly currentTree ├── path-type@1.1.0
21 silly currentTree ├── pause-stream@0.0.11
21 silly currentTree ├── pg-connection-string@0.1.3
21 silly currentTree ├─┬ pg-pool@1.6.0
21 silly currentTree │ └── generic-pool@2.4.2
21 silly currentTree ├── pg-types@1.11.0
21 silly currentTree ├─┬ pg@6.1.2
21 silly currentTree │ └── semver@4.3.2
21 silly currentTree ├─┬ pgpass@1.0.1
21 silly currentTree │ └── split@1.0.0
21 silly currentTree ├── pify@2.3.0
21 silly currentTree ├── pinkie-promise@2.0.1
21 silly currentTree ├── pinkie@2.0.4
21 silly currentTree ├── portscanner@2.1.1
21 silly currentTree ├── postgres-array@1.0.2
21 silly currentTree ├── postgres-bytea@1.0.0
21 silly currentTree ├── postgres-date@1.0.3
21 silly currentTree ├── postgres-interval@1.0.2
21 silly currentTree ├── prepend-http@1.0.4
21 silly currentTree ├── preserve@0.2.0
21 silly currentTree ├── pretty-hrtime@1.0.3
21 silly currentTree ├── process-nextick-args@1.0.7
21 silly currentTree ├── protractor-jasmine2-screenshot-reporter@0.3.5
21 silly currentTree ├── protractor@4.0.13
21 silly currentTree ├── proxy-addr@1.1.2
21 silly currentTree ├── ps-tree@1.1.0
21 silly currentTree ├── punycode@1.4.1
21 silly currentTree ├── q@1.4.1
21 silly currentTree ├── qs@6.2.1
21 silly currentTree ├── randomatic@1.1.6
21 silly currentTree ├── range-parser@1.2.0
21 silly currentTree ├── raw-body@2.1.7
21 silly currentTree ├── rc@1.1.6
21 silly currentTree ├── read-all-stream@3.1.0
21 silly currentTree ├── read-pkg-up@1.0.1
21 silly currentTree ├── read-pkg@1.1.0
21 silly currentTree ├─┬ readable-stream@2.2.2
21 silly currentTree │ └── isarray@1.0.0
21 silly currentTree ├── readdirp@2.1.0
21 silly currentTree ├── rechoir@0.6.2
21 silly currentTree ├── redent@1.0.0
21 silly currentTree ├── regenerator-runtime@0.10.1
21 silly currentTree ├── regex-cache@0.4.3
21 silly currentTree ├── registry-url@3.1.0
21 silly currentTree ├── repeat-element@1.1.2
21 silly currentTree ├── repeat-string@1.6.1
21 silly currentTree ├── repeating@1.1.3
21 silly currentTree ├── replace-ext@0.0.1
21 silly currentTree ├─┬ request@2.78.0
21 silly currentTree │ └── qs@6.3.0
21 silly currentTree ├── require-directory@2.1.1
21 silly currentTree ├── require-main-filename@1.0.1
21 silly currentTree ├── requires-port@1.0.0
21 silly currentTree ├── resolve-dir@0.1.1
21 silly currentTree ├── resolve@1.2.0
21 silly currentTree ├── resp-modifier@6.0.2
21 silly currentTree ├── rimraf@2.5.4
21 silly currentTree ├── rx@4.1.0
21 silly currentTree ├── samsam@1.1.2
21 silly currentTree ├── saucelabs@1.3.0
21 silly currentTree ├── sax@0.6.1
21 silly currentTree ├─┬ selenium-webdriver@2.53.3
21 silly currentTree │ └── adm-zip@0.4.4
21 silly currentTree ├── semver-diff@2.1.0
21 silly currentTree ├── semver@5.3.0
21 silly currentTree ├── send@0.14.1
21 silly currentTree ├── sequencify@0.0.7
21 silly currentTree ├── serve-index@1.8.0
21 silly currentTree ├── serve-static@1.11.1
21 silly currentTree ├── server-destroy@1.0.1
21 silly currentTree ├── set-blocking@2.0.0
21 silly currentTree ├── set-immediate-shim@1.0.1
21 silly currentTree ├── setprototypeof@1.0.2
21 silly currentTree ├── sigmund@1.0.1
21 silly currentTree ├── signal-exit@3.0.2
21 silly currentTree ├── sinon-chai@2.8.0
21 silly currentTree ├─┬ sinon@1.17.6
21 silly currentTree │ └── lolex@1.3.2
21 silly currentTree ├── slide@1.1.6
21 silly currentTree ├── sntp@1.0.9
21 silly currentTree ├─┬ socket.io-adapter@0.5.0
21 silly currentTree │ ├── debug@2.3.3
21 silly currentTree │ └── ms@0.7.2
21 silly currentTree ├─┬ socket.io-client@1.6.0
21 silly currentTree │ ├── debug@2.3.3
21 silly currentTree │ └── ms@0.7.2
21 silly currentTree ├─┬ socket.io-parser@2.3.1
21 silly currentTree │ └── component-emitter@1.1.2
21 silly currentTree ├─┬ socket.io@1.6.0
21 silly currentTree │ ├── debug@2.3.3
21 silly currentTree │ └── ms@0.7.2
21 silly currentTree ├── source-map-support@0.4.6
21 silly currentTree ├── source-map@0.5.6
21 silly currentTree ├── sparkles@1.0.0
21 silly currentTree ├── spdx-correct@1.0.2
21 silly currentTree ├── spdx-expression-parse@1.0.4
21 silly currentTree ├── spdx-license-ids@1.2.2
21 silly currentTree ├── split@0.3.3
21 silly currentTree ├── sshpk@1.10.1
21 silly currentTree ├── statuses@1.3.1
21 silly currentTree ├── stream-combiner@0.0.4
21 silly currentTree ├── stream-consume@0.1.0
21 silly currentTree ├── stream-shift@1.0.0
21 silly currentTree ├── stream-throttle@0.1.3
21 silly currentTree ├── string_decoder@0.10.31
21 silly currentTree ├── string-length@1.0.1
21 silly currentTree ├── string-width@1.0.2
21 silly currentTree ├── string.prototype.startswith@0.2.0
21 silly currentTree ├── stringstream@0.0.5
21 silly currentTree ├── strip-ansi@3.0.1
21 silly currentTree ├── strip-bom@1.0.0
21 silly currentTree ├── strip-indent@1.0.1
21 silly currentTree ├── strip-json-comments@1.0.4
21 silly currentTree ├─┬ superagent@2.3.0
21 silly currentTree │ └── form-data@1.0.0-rc4
21 silly currentTree ├── supports-color@1.2.0
21 silly currentTree ├─┬ tar-pack@3.3.0
21 silly currentTree │ ├── isarray@1.0.0
21 silly currentTree │ └── readable-stream@2.1.5
21 silly currentTree ├── tar@2.2.1
21 silly currentTree ├── tfunk@3.0.2
21 silly currentTree ├── through@2.3.8
21 silly currentTree ├─┬ through2@0.6.5
21 silly currentTree │ └── readable-stream@1.0.34
21 silly currentTree ├── tildify@1.0.0
21 silly currentTree ├── time-stamp@1.0.1
21 silly currentTree ├── timed-out@2.0.0
21 silly currentTree ├── tmp@0.0.24
21 silly currentTree ├── to-array@0.1.4
21 silly currentTree ├── to-iso-string@0.0.2
21 silly currentTree ├─┬ touch@1.0.0
21 silly currentTree │ └── nopt@1.0.10
21 silly currentTree ├── tough-cookie@2.3.2
21 silly currentTree ├── trim-newlines@1.0.0
21 silly currentTree ├── tunnel-agent@0.4.3
21 silly currentTree ├── tweetnacl@0.14.5
21 silly currentTree ├── type-detect@1.0.0
21 silly currentTree ├── type-is@1.6.14
21 silly currentTree ├── ua-parser-js@0.7.12
21 silly currentTree ├── uid-number@0.0.6
21 silly currentTree ├── ultron@1.0.2
21 silly currentTree ├── undefsafe@0.0.3
21 silly currentTree ├── underscore@1.7.0
21 silly currentTree ├── unique-stream@1.0.0
21 silly currentTree ├── unpipe@1.0.0
21 silly currentTree ├── update-notifier@0.5.0
21 silly currentTree ├── user-home@1.1.1
21 silly currentTree ├── util-deprecate@1.0.2
21 silly currentTree ├─┬ util@0.10.3
21 silly currentTree │ └── inherits@2.0.1
21 silly currentTree ├── utils-merge@1.0.0
21 silly currentTree ├── uuid@2.0.3
21 silly currentTree ├── v8flags@2.0.11
21 silly currentTree ├── validate-npm-package-license@3.0.1
21 silly currentTree ├── vary@1.1.0
21 silly currentTree ├── verror@1.3.6
21 silly currentTree ├─┬ vinyl-fs@0.3.14
21 silly currentTree │ └── graceful-fs@3.0.11
21 silly currentTree ├─┬ vinyl@0.4.6
21 silly currentTree │ └── clone@0.2.0
21 silly currentTree ├── vlq@0.2.1
21 silly currentTree ├── webdriver-manager@10.2.10
21 silly currentTree ├─┬ weinre@2.0.0-pre-I0Z7U9OV
21 silly currentTree │ ├─┬ connect@1.9.2
21 silly currentTree │ │ ├── mime@1.3.4
21 silly currentTree │ │ └── qs@6.3.0
21 silly currentTree │ ├── express@2.5.11
21 silly currentTree │ ├── mime@1.2.4
21 silly currentTree │ ├── mkdirp@0.3.0
21 silly currentTree │ └── qs@0.4.2
21 silly currentTree ├── which-module@1.0.0
21 silly currentTree ├── which@1.2.12
21 silly currentTree ├── wide-align@1.1.0
21 silly currentTree ├── window-size@0.2.0
21 silly currentTree ├── wordwrap@0.0.3
21 silly currentTree ├── wrap-ansi@2.1.0
21 silly currentTree ├── wrappy@1.0.2
21 silly currentTree ├── write-file-atomic@1.2.0
21 silly currentTree ├── ws@1.1.1
21 silly currentTree ├── wtf-8@1.0.0
21 silly currentTree ├── xdg-basedir@2.0.0
21 silly currentTree ├── xml2js@0.4.4
21 silly currentTree ├── xmlbuilder@8.2.2
21 silly currentTree ├── xmlhttprequest-ssl@1.5.3
21 silly currentTree ├── xtend@4.0.1
21 silly currentTree ├── y18n@3.2.1
21 silly currentTree ├── yargs-parser@4.2.0
21 silly currentTree ├── yargs@6.4.0
21 silly currentTree └── yeast@0.1.2
22 silly idealTree rick-and-morty-quotes@1.0.0
22 silly idealTree ├── @types/jasmine@2.5.38
22 silly idealTree ├── @types/node@6.0.52
22 silly idealTree ├── @types/q@0.0.32
22 silly idealTree ├── @types/selenium-webdriver@2.53.36
22 silly idealTree ├── abbrev@1.0.9
22 silly idealTree ├── accepts@1.3.3
22 silly idealTree ├── acorn-jsx@3.0.1
22 silly idealTree ├── acorn-object-spread@1.0.0
22 silly idealTree ├── acorn@3.3.0
22 silly idealTree ├── adm-zip@0.4.7
22 silly idealTree ├── after@0.8.1
22 silly idealTree ├─┬ agent-base@2.0.1
22 silly idealTree │ └── semver@5.0.3
22 silly idealTree ├── angular-mocks@1.6.0
22 silly idealTree ├── angular-moment@1.0.1
22 silly idealTree ├── angular-ui-router@1.0.0-beta.3
22 silly idealTree ├── angular@1.6.0
22 silly idealTree ├── ansi-regex@2.0.0
22 silly idealTree ├── ansi-styles@2.2.1
22 silly idealTree ├── anymatch@1.3.0
22 silly idealTree ├── ap@0.2.0
22 silly idealTree ├── aproba@1.0.4
22 silly idealTree ├── archy@1.0.0
22 silly idealTree ├── are-we-there-yet@1.1.2
22 silly idealTree ├── arr-diff@2.0.0
22 silly idealTree ├── arr-flatten@1.0.1
22 silly idealTree ├── array-differ@1.0.0
22 silly idealTree ├── array-find-index@1.0.2
22 silly idealTree ├── array-flatten@1.1.1
22 silly idealTree ├── array-union@1.0.2
22 silly idealTree ├── array-uniq@1.0.3
22 silly idealTree ├── array-unique@0.2.1
22 silly idealTree ├── arraybuffer.slice@0.0.6
22 silly idealTree ├── arrify@1.0.1
22 silly idealTree ├── asn1@0.2.3
22 silly idealTree ├── assert-plus@1.0.0
22 silly idealTree ├── assertion-error@1.0.2
22 silly idealTree ├── async-each-series@0.1.1
22 silly idealTree ├── async-each@1.0.1
22 silly idealTree ├── async@1.5.2
22 silly idealTree ├── asynckit@0.4.0
22 silly idealTree ├── aws-sign2@0.6.0
22 silly idealTree ├── aws4@1.5.0
22 silly idealTree ├── babel-runtime@6.20.0
22 silly idealTree ├── backo2@1.0.2
22 silly idealTree ├── balanced-match@0.4.2
22 silly idealTree ├── base64-arraybuffer@0.1.5
22 silly idealTree ├── base64id@0.1.0
22 silly idealTree ├── basic-auth@1.0.4
22 silly idealTree ├── batch@0.5.3
22 silly idealTree ├── bcrypt-pbkdf@1.0.0
22 silly idealTree ├── beeper@1.1.1
22 silly idealTree ├── better-assert@1.0.2
22 silly idealTree ├── binary-extensions@1.8.0
22 silly idealTree ├── blob@0.0.4
22 silly idealTree ├── block-stream@0.0.9
22 silly idealTree ├── bluebird@3.4.6
22 silly idealTree ├─┬ body-parser@1.15.2
22 silly idealTree │ └── qs@6.2.0
22 silly idealTree ├── boom@2.10.1
22 silly idealTree ├── bootstrap@3.3.7
22 silly idealTree ├── brace-expansion@1.1.6
22 silly idealTree ├── braces@1.8.5
22 silly idealTree ├── browser-sync-client@2.4.4
22 silly idealTree ├── browser-sync-ui@0.6.2
22 silly idealTree ├── browser-sync@2.18.5
22 silly idealTree ├── bs-recipes@1.3.2
22 silly idealTree ├── buble@0.12.5
22 silly idealTree ├── bubleify@0.5.1
22 silly idealTree ├── buffer-shims@1.0.0
22 silly idealTree ├── buffer-writer@1.0.1
22 silly idealTree ├── builtin-modules@1.1.1
22 silly idealTree ├── bytes@2.4.0
22 silly idealTree ├── callsite@1.0.0
22 silly idealTree ├─┬ camelcase-keys@2.1.0
22 silly idealTree │ └── camelcase@2.1.1
22 silly idealTree ├── camelcase@3.0.0
22 silly idealTree ├── caseless@0.11.0
22 silly idealTree ├── chai-as-promised@6.0.0
22 silly idealTree ├── chai-http@3.0.0
22 silly idealTree ├── chai@3.5.0
22 silly idealTree ├─┬ chalk@1.1.3
22 silly idealTree │ └── supports-color@2.0.0
22 silly idealTree ├── check-error@1.0.2
22 silly idealTree ├── chokidar@1.6.1
22 silly idealTree ├── cliui@3.2.0
22 silly idealTree ├── clone-stats@0.0.1
22 silly idealTree ├── clone@1.0.2
22 silly idealTree ├── code-point-at@1.1.0
22 silly idealTree ├── colors@1.1.2
22 silly idealTree ├── combined-stream@1.0.5
22 silly idealTree ├── commander@2.9.0
22 silly idealTree ├── component-bind@1.0.0
22 silly idealTree ├── component-emitter@1.2.1
22 silly idealTree ├── component-inherit@0.0.3
22 silly idealTree ├── concat-map@0.0.1
22 silly idealTree ├── configstore@1.4.0
22 silly idealTree ├── connect-history-api-fallback@1.3.0
22 silly idealTree ├── connect@3.5.0
22 silly idealTree ├── console-control-strings@1.1.0
22 silly idealTree ├── content-disposition@0.5.1
22 silly idealTree ├── content-type@1.0.2
22 silly idealTree ├── cookie-signature@1.0.6
22 silly idealTree ├── cookie@0.3.1
22 silly idealTree ├── cookiejar@2.0.6
22 silly idealTree ├── core-js@2.4.1
22 silly idealTree ├── core-util-is@1.0.2
22 silly idealTree ├── cors@2.8.3
22 silly idealTree ├── cryptiles@2.0.5
22 silly idealTree ├── currently-unhandled@0.4.1
22 silly idealTree ├── dashdash@1.14.1
22 silly idealTree ├── dateformat@1.0.12
22 silly idealTree ├── debug@2.2.0
22 silly idealTree ├── decamelize@1.2.0
22 silly idealTree ├─┬ deep-eql@0.1.3
22 silly idealTree │ └── type-detect@0.1.1
22 silly idealTree ├── deep-extend@0.4.1
22 silly idealTree ├── defaults@1.0.3
22 silly idealTree ├── del@2.2.2
22 silly idealTree ├── delayed-stream@1.0.0
22 silly idealTree ├── delegates@1.0.0
22 silly idealTree ├── depd@1.1.0
22 silly idealTree ├── deprecated@0.0.1
22 silly idealTree ├── destroy@1.0.4
22 silly idealTree ├── detect-file@0.1.0
22 silly idealTree ├── dev-ip@1.0.1
22 silly idealTree ├── diff@1.4.0
22 silly idealTree ├── duplexer@0.1.1
22 silly idealTree ├─┬ duplexer2@0.0.2
22 silly idealTree │ └── readable-stream@1.1.14
22 silly idealTree ├─┬ duplexify@3.5.0
22 silly idealTree │ └── end-of-stream@1.0.0
22 silly idealTree ├─┬ easy-extender@2.3.2
22 silly idealTree │ └── lodash@3.10.1
22 silly idealTree ├── eazy-logger@3.0.2
22 silly idealTree ├── ecc-jsbn@0.1.1
22 silly idealTree ├── ee-first@1.1.1
22 silly idealTree ├── emitter-steward@1.0.0
22 silly idealTree ├── encodeurl@1.0.1
22 silly idealTree ├── end-of-stream@0.1.5
22 silly idealTree ├─┬ engine.io-client@1.8.0
22 silly idealTree │ ├── debug@2.3.3
22 silly idealTree │ └── ms@0.7.2
22 silly idealTree ├─┬ engine.io-parser@1.3.1
22 silly idealTree │ └── has-binary@0.1.6
22 silly idealTree ├─┬ engine.io@1.8.0
22 silly idealTree │ ├── debug@2.3.3
22 silly idealTree │ └── ms@0.7.2
22 silly idealTree ├── error-ex@1.3.0
22 silly idealTree ├── es6-promise@3.3.1
22 silly idealTree ├── escape-html@1.0.3
22 silly idealTree ├── escape-string-regexp@1.0.2
22 silly idealTree ├── etag@1.7.0
22 silly idealTree ├── event-stream@3.3.4
22 silly idealTree ├── eventemitter3@1.2.0
22 silly idealTree ├── exit@0.1.2
22 silly idealTree ├── expand-brackets@0.1.5
22 silly idealTree ├── expand-range@1.8.2
22 silly idealTree ├── expand-tilde@1.2.2
22 silly idealTree ├─┬ express@4.14.0
22 silly idealTree │ └── qs@6.2.0
22 silly idealTree ├── extend@3.0.0
22 silly idealTree ├── extglob@0.3.2
22 silly idealTree ├── extsprintf@1.0.2
22 silly idealTree ├── fancy-log@1.2.0
22 silly idealTree ├── filename-regex@2.0.0
22 silly idealTree ├── fill-range@2.2.3
22 silly idealTree ├── finalhandler@0.5.0
22 silly idealTree ├── find-index@0.1.1
22 silly idealTree ├── find-up@1.1.2
22 silly idealTree ├── findup-sync@0.4.3
22 silly idealTree ├── first-chunk-stream@1.0.0
22 silly idealTree ├── flagged-respawn@0.3.2
22 silly idealTree ├── for-in@0.1.6
22 silly idealTree ├── for-own@0.1.4
22 silly idealTree ├── forever-agent@0.6.1
22 silly idealTree ├── form-data@2.1.2
22 silly idealTree ├── formatio@1.1.1
22 silly idealTree ├── formidable@1.0.17
22 silly idealTree ├── forwarded@0.1.0
22 silly idealTree ├── fresh@0.3.0
22 silly idealTree ├── from@0.1.3
22 silly idealTree ├── fs-exists-sync@0.1.0
22 silly idealTree ├── fs-extra@1.0.0
22 silly idealTree ├── fs.realpath@1.0.0
22 silly idealTree ├─┬ fsevents@1.0.15
22 silly idealTree │ ├── abbrev@1.0.9
22 silly idealTree │ ├── ansi-regex@2.0.0
22 silly idealTree │ ├── ansi-styles@2.2.1
22 silly idealTree │ ├── aproba@1.0.4
22 silly idealTree │ ├── are-we-there-yet@1.1.2
22 silly idealTree │ ├── asn1@0.2.3
22 silly idealTree │ ├── assert-plus@0.2.0
22 silly idealTree │ ├── async@1.5.2
22 silly idealTree │ ├── aws-sign2@0.6.0
22 silly idealTree │ ├── aws4@1.4.1
22 silly idealTree │ ├── balanced-match@0.4.2
22 silly idealTree │ ├─┬ bl@1.1.2
22 silly idealTree │ │ └── readable-stream@2.0.6
22 silly idealTree │ ├── block-stream@0.0.9
22 silly idealTree │ ├── boom@2.10.1
22 silly idealTree │ ├── brace-expansion@1.1.5
22 silly idealTree │ ├── buffer-shims@1.0.0
22 silly idealTree │ ├── caseless@0.11.0
22 silly idealTree │ ├── chalk@1.1.3
22 silly idealTree │ ├── code-point-at@1.0.0
22 silly idealTree │ ├── combined-stream@1.0.5
22 silly idealTree │ ├── commander@2.9.0
22 silly idealTree │ ├── concat-map@0.0.1
22 silly idealTree │ ├── console-control-strings@1.1.0
22 silly idealTree │ ├── core-util-is@1.0.2
22 silly idealTree │ ├── cryptiles@2.0.5
22 silly idealTree │ ├─┬ dashdash@1.14.0
22 silly idealTree │ │ └── assert-plus@1.0.0
22 silly idealTree │ ├── debug@2.2.0
22 silly idealTree │ ├── deep-extend@0.4.1
22 silly idealTree │ ├── delayed-stream@1.0.0
22 silly idealTree │ ├── delegates@1.0.0
22 silly idealTree │ ├── ecc-jsbn@0.1.1
22 silly idealTree │ ├── escape-string-regexp@1.0.5
22 silly idealTree │ ├── extend@3.0.0
22 silly idealTree │ ├── extsprintf@1.0.2
22 silly idealTree │ ├── forever-agent@0.6.1
22 silly idealTree │ ├── form-data@1.0.0-rc4
22 silly idealTree │ ├── fs.realpath@1.0.0
22 silly idealTree │ ├── fstream-ignore@1.0.5
22 silly idealTree │ ├── fstream@1.0.10
22 silly idealTree │ ├── gauge@2.6.0
22 silly idealTree │ ├── generate-function@2.0.0
22 silly idealTree │ ├── generate-object-property@1.2.0
22 silly idealTree │ ├─┬ getpass@0.1.6
22 silly idealTree │ │ └── assert-plus@1.0.0
22 silly idealTree │ ├── glob@7.0.5
22 silly idealTree │ ├── graceful-fs@4.1.4
22 silly idealTree │ ├── graceful-readlink@1.0.1
22 silly idealTree │ ├── har-validator@2.0.6
22 silly idealTree │ ├── has-ansi@2.0.0
22 silly idealTree │ ├── has-color@0.1.7
22 silly idealTree │ ├── has-unicode@2.0.1
22 silly idealTree │ ├── hawk@3.1.3
22 silly idealTree │ ├── hoek@2.16.3
22 silly idealTree │ ├── http-signature@1.1.1
22 silly idealTree │ ├── inflight@1.0.5
22 silly idealTree │ ├── inherits@2.0.1
22 silly idealTree │ ├── ini@1.3.4
22 silly idealTree │ ├── is-fullwidth-code-point@1.0.0
22 silly idealTree │ ├── is-my-json-valid@2.13.1
22 silly idealTree │ ├── is-property@1.0.2
22 silly idealTree │ ├── is-typedarray@1.0.0
22 silly idealTree │ ├── isarray@1.0.0
22 silly idealTree │ ├── isstream@0.1.2
22 silly idealTree │ ├── jodid25519@1.0.2
22 silly idealTree │ ├── jsbn@0.1.0
22 silly idealTree │ ├── json-schema@0.2.2
22 silly idealTree │ ├── json-stringify-safe@5.0.1
22 silly idealTree │ ├── jsonpointer@2.0.0
22 silly idealTree │ ├── jsprim@1.3.0
22 silly idealTree │ ├── mime-db@1.23.0
22 silly idealTree │ ├── mime-types@2.1.11
22 silly idealTree │ ├── minimatch@3.0.2
22 silly idealTree │ ├── minimist@0.0.8
22 silly idealTree │ ├── mkdirp@0.5.1
22 silly idealTree │ ├── ms@0.7.1
22 silly idealTree │ ├── node-pre-gyp@0.6.29
22 silly idealTree │ ├── node-uuid@1.4.7
22 silly idealTree │ ├── nopt@3.0.6
22 silly idealTree │ ├── npmlog@3.1.2
22 silly idealTree │ ├── number-is-nan@1.0.0
22 silly idealTree │ ├── oauth-sign@0.8.2
22 silly idealTree │ ├── object-assign@4.1.0
22 silly idealTree │ ├── once@1.3.3
22 silly idealTree │ ├── path-is-absolute@1.0.0
22 silly idealTree │ ├── pinkie-promise@2.0.1
22 silly idealTree │ ├── pinkie@2.0.4
22 silly idealTree │ ├── process-nextick-args@1.0.7
22 silly idealTree │ ├── qs@6.2.0
22 silly idealTree │ ├─┬ rc@1.1.6
22 silly idealTree │ │ └── minimist@1.2.0
22 silly idealTree │ ├── readable-stream@2.1.4
22 silly idealTree │ ├── request@2.73.0
22 silly idealTree │ ├── rimraf@2.5.3
22 silly idealTree │ ├── semver@5.2.0
22 silly idealTree │ ├── set-blocking@2.0.0
22 silly idealTree │ ├── signal-exit@3.0.0
22 silly idealTree │ ├── sntp@1.0.9
22 silly idealTree │ ├─┬ sshpk@1.8.3
22 silly idealTree │ │ └── assert-plus@1.0.0
22 silly idealTree │ ├── string_decoder@0.10.31
22 silly idealTree │ ├── string-width@1.0.1
22 silly idealTree │ ├── stringstream@0.0.5
22 silly idealTree │ ├── strip-ansi@3.0.1
22 silly idealTree │ ├── strip-json-comments@1.0.4
22 silly idealTree │ ├── supports-color@2.0.0
22 silly idealTree │ ├── tar-pack@3.1.4
22 silly idealTree │ ├── tar@2.2.1
22 silly idealTree │ ├── tough-cookie@2.2.2
22 silly idealTree │ ├── tunnel-agent@0.4.3
22 silly idealTree │ ├── tweetnacl@0.13.3
22 silly idealTree │ ├── uid-number@0.0.6
22 silly idealTree │ ├── util-deprecate@1.0.2
22 silly idealTree │ ├── verror@1.3.6
22 silly idealTree │ ├── wide-align@1.1.0
22 silly idealTree │ ├── wrappy@1.0.2
22 silly idealTree │ └── xtend@4.0.1
22 silly idealTree ├── fstream-ignore@1.0.5
22 silly idealTree ├── fstream@1.0.10
22 silly idealTree ├─┬ gauge@2.7.2
22 silly idealTree │ └── supports-color@0.2.0
22 silly idealTree ├── gaze@0.5.2
22 silly idealTree ├── generate-function@2.0.0
22 silly idealTree ├── generate-object-property@1.2.0
22 silly idealTree ├── generic-pool@2.5.0
22 silly idealTree ├── get-caller-file@1.0.2
22 silly idealTree ├── get-stdin@4.0.1
22 silly idealTree ├── getpass@0.1.6
22 silly idealTree ├── glob-base@0.3.0
22 silly idealTree ├── glob-parent@2.0.0
22 silly idealTree ├─┬ glob-stream@3.1.18
22 silly idealTree │ ├── glob@4.5.3
22 silly idealTree │ ├── minimatch@2.0.10
22 silly idealTree │ └── once@1.4.0
22 silly idealTree ├── glob-watcher@0.0.6
22 silly idealTree ├─┬ glob@7.1.1
22 silly idealTree │ └── once@1.4.0
22 silly idealTree ├── glob2base@0.0.12
22 silly idealTree ├── global-modules@0.2.3
22 silly idealTree ├── global-prefix@0.1.5
22 silly idealTree ├── globby@5.0.0
22 silly idealTree ├─┬ globule@0.1.0
22 silly idealTree │ ├── glob@3.1.21
22 silly idealTree │ ├── graceful-fs@1.2.3
22 silly idealTree │ ├── inherits@1.0.2
22 silly idealTree │ ├── lodash@1.0.2
22 silly idealTree │ └── minimatch@0.2.14
22 silly idealTree ├── glogg@1.0.0
22 silly idealTree ├─┬ got@3.3.1
22 silly idealTree │ └── object-assign@3.0.0
22 silly idealTree ├── graceful-fs@4.1.11
22 silly idealTree ├── graceful-readlink@1.0.1
22 silly idealTree ├── growl@1.9.2
22 silly idealTree ├── gulp-nodemon@2.2.1
22 silly idealTree ├─┬ gulp-util@3.0.7
22 silly idealTree │ ├── minimist@1.1.3
22 silly idealTree │ ├── object-assign@3.0.0
22 silly idealTree │ ├── through2@2.0.3
22 silly idealTree │ └── vinyl@0.5.3
22 silly idealTree ├─┬ gulp@3.9.1
22 silly idealTree │ ├── interpret@1.0.1
22 silly idealTree │ ├── minimist@1.1.3
22 silly idealTree │ └── semver@4.3.2
22 silly idealTree ├── gulplog@1.0.0
22 silly idealTree ├── har-validator@2.0.6
22 silly idealTree ├── has-ansi@2.0.0
22 silly idealTree ├── has-binary@0.1.7
22 silly idealTree ├── has-cors@1.1.0
22 silly idealTree ├── has-gulplog@0.1.0
22 silly idealTree ├── has-unicode@2.0.1
22 silly idealTree ├── hat@0.0.3
22 silly idealTree ├── hawk@3.1.3
22 silly idealTree ├── hoek@2.16.3
22 silly idealTree ├── homedir-polyfill@1.0.1
22 silly idealTree ├── hosted-git-info@2.1.5
22 silly idealTree ├── http-errors@1.5.1
22 silly idealTree ├── http-proxy@1.15.2
22 silly idealTree ├─┬ http-signature@1.1.1
22 silly idealTree │ └── assert-plus@0.2.0
22 silly idealTree ├─┬ https-proxy-agent@1.0.0
22 silly idealTree │ ├── debug@2.3.3
22 silly idealTree │ └── ms@0.7.2
22 silly idealTree ├── iconv-lite@0.4.13
22 silly idealTree ├── ignore-by-default@1.0.1
22 silly idealTree ├── immutable@3.8.1
22 silly idealTree ├── imurmurhash@0.1.4
22 silly idealTree ├─┬ indent-string@2.1.0
22 silly idealTree │ └── repeating@2.0.1
22 silly idealTree ├── indexof@0.0.1
22 silly idealTree ├── infinity-agent@2.0.3
22 silly idealTree ├─┬ inflight@1.0.6
22 silly idealTree │ └── once@1.4.0
22 silly idealTree ├── inherits@2.0.3
22 silly idealTree ├── ini@1.3.4
22 silly idealTree ├── interpret@0.6.6
22 silly idealTree ├── invert-kv@1.0.0
22 silly idealTree ├── ip-regex@1.0.3
22 silly idealTree ├── ipaddr.js@1.1.1
22 silly idealTree ├── is-arrayish@0.2.1
22 silly idealTree ├── is-binary-path@1.0.1
22 silly idealTree ├── is-buffer@1.1.4
22 silly idealTree ├── is-builtin-module@1.0.0
22 silly idealTree ├── is-dotfile@1.0.2
22 silly idealTree ├── is-equal-shallow@0.1.3
22 silly idealTree ├── is-extendable@0.1.1
22 silly idealTree ├── is-extglob@1.0.0
22 silly idealTree ├── is-finite@1.0.2
22 silly idealTree ├── is-fullwidth-code-point@1.0.0
22 silly idealTree ├── is-glob@2.0.1
22 silly idealTree ├── is-ip@1.0.0
22 silly idealTree ├── is-my-json-valid@2.15.0
22 silly idealTree ├── is-npm@1.0.0
22 silly idealTree ├── is-number-like@1.0.7
22 silly idealTree ├── is-number@2.1.0
22 silly idealTree ├── is-path-cwd@1.0.0
22 silly idealTree ├── is-path-in-cwd@1.0.0
22 silly idealTree ├── is-path-inside@1.0.0
22 silly idealTree ├── is-posix-bracket@0.1.1
22 silly idealTree ├── is-primitive@2.0.0
22 silly idealTree ├── is-property@1.0.2
22 silly idealTree ├── is-redirect@1.0.0
22 silly idealTree ├── is-stream@1.1.0
22 silly idealTree ├── is-typedarray@1.0.0
22 silly idealTree ├── is-utf8@0.2.1
22 silly idealTree ├── is-windows@0.2.0
22 silly idealTree ├── isarray@0.0.1
22 silly idealTree ├── isexe@1.1.2
22 silly idealTree ├─┬ isobject@2.1.0
22 silly idealTree │ └── isarray@1.0.0
22 silly idealTree ├── isstream@0.1.2
22 silly idealTree ├─┬ jade@0.26.3
22 silly idealTree │ ├── commander@0.6.1
22 silly idealTree │ └── mkdirp@0.3.0
22 silly idealTree ├── jasmine-core@2.4.1
22 silly idealTree ├─┬ jasmine@2.4.1
22 silly idealTree │ ├── glob@3.2.11
22 silly idealTree │ └── minimatch@0.3.0
22 silly idealTree ├── jasminewd2@0.0.10
22 silly idealTree ├── jodid25519@1.0.2
22 silly idealTree ├── jquery@3.1.1
22 silly idealTree ├── jsbn@0.1.0
22 silly idealTree ├── json-schema@0.2.3
22 silly idealTree ├── json-stringify-safe@5.0.1
22 silly idealTree ├── json3@3.3.2
22 silly idealTree ├── jsonfile@2.4.0
22 silly idealTree ├── jsonpointer@4.0.0
22 silly idealTree ├── jsprim@1.3.1
22 silly idealTree ├── kind-of@3.1.0
22 silly idealTree ├── klaw@1.3.1
22 silly idealTree ├─┬ knex@0.12.6
22 silly idealTree │ ├── lodash@4.17.2
22 silly idealTree │ ├── minimist@1.1.3
22 silly idealTree │ └── readable-stream@1.1.14
22 silly idealTree ├── latest-version@1.0.1
22 silly idealTree ├── lcid@1.0.0
22 silly idealTree ├── liftoff@2.2.5
22 silly idealTree ├── limiter@1.1.0
22 silly idealTree ├─┬ load-json-file@1.1.0
22 silly idealTree │ └── strip-bom@2.0.0
22 silly idealTree ├─┬ localtunnel@1.8.2
22 silly idealTree │ ├── camelcase@1.2.1
22 silly idealTree │ ├── window-size@0.1.4
22 silly idealTree │ └── yargs@3.29.0
22 silly idealTree ├── lodash._baseassign@3.2.0
22 silly idealTree ├── lodash._basecopy@3.0.1
22 silly idealTree ├── lodash._basetostring@3.0.1
22 silly idealTree ├── lodash._basevalues@3.0.0
22 silly idealTree ├── lodash._bindcallback@3.0.1
22 silly idealTree ├── lodash._createassigner@3.1.1
22 silly idealTree ├── lodash._getnative@3.9.1
22 silly idealTree ├── lodash._isiterateecall@3.0.9
22 silly idealTree ├── lodash._reescape@3.0.0
22 silly idealTree ├── lodash._reevaluate@3.0.0
22 silly idealTree ├── lodash._reinterpolate@3.0.0
22 silly idealTree ├── lodash._root@3.0.1
22 silly idealTree ├── lodash.assign@3.2.0
22 silly idealTree ├── lodash.defaults@3.1.2
22 silly idealTree ├── lodash.escape@3.2.0
22 silly idealTree ├── lodash.isarguments@3.1.0
22 silly idealTree ├── lodash.isarray@3.0.4
22 silly idealTree ├── lodash.isfinite@3.3.2
22 silly idealTree ├── lodash.keys@3.1.2
22 silly idealTree ├── lodash.restparam@3.6.1
22 silly idealTree ├── lodash.template@3.6.2
22 silly idealTree ├── lodash.templatesettings@3.1.1
22 silly idealTree ├── lodash@4.17.4
22 silly idealTree ├── lolex@1.5.2
22 silly idealTree ├── loud-rejection@1.6.0
22 silly idealTree ├── lowercase-keys@1.0.0
22 silly idealTree ├── lru-cache@2.2.4
22 silly idealTree ├── magic-string@0.14.0
22 silly idealTree ├── map-obj@1.0.1
22 silly idealTree ├── map-stream@0.1.0
22 silly idealTree ├── media-typer@0.3.0
22 silly idealTree ├── meow@3.7.0
22 silly idealTree ├── merge-descriptors@1.0.1
22 silly idealTree ├── methods@1.1.2
22 silly idealTree ├── micromatch@2.3.11
22 silly idealTree ├── mime-db@1.25.0
22 silly idealTree ├── mime-types@2.1.13
22 silly idealTree ├── mime@1.3.4
22 silly idealTree ├── minimatch@3.0.3
22 silly idealTree ├── minimist@1.2.0
22 silly idealTree ├─┬ mkdirp@0.5.1
22 silly idealTree │ └── minimist@0.0.8
22 silly idealTree ├─┬ mocha@2.5.3
22 silly idealTree │ ├── commander@2.3.0
22 silly idealTree │ ├── glob@3.2.11
22 silly idealTree │ └── minimatch@0.3.0
22 silly idealTree ├── moment@2.17.1
22 silly idealTree ├── morgan@1.7.0
22 silly idealTree ├── ms@0.7.1
22 silly idealTree ├── multipipe@0.1.2
22 silly idealTree ├── nan@2.4.0
22 silly idealTree ├── natives@1.1.0
22 silly idealTree ├── negotiator@0.6.1
22 silly idealTree ├── nested-error-stacks@1.0.2
22 silly idealTree ├─┬ node-pre-gyp@0.6.32
22 silly idealTree │ ├── qs@6.3.0
22 silly idealTree │ ├── request@2.79.0
22 silly idealTree │ └── uuid@3.0.1
22 silly idealTree ├── node-uuid@1.4.7
22 silly idealTree ├── nodemon@1.11.0
22 silly idealTree ├── nopt@3.0.6
22 silly idealTree ├── normalize-package-data@2.3.5
22 silly idealTree ├── normalize-path@2.0.1
22 silly idealTree ├── npmlog@4.0.2
22 silly idealTree ├── number-is-nan@1.0.1
22 silly idealTree ├── oauth-sign@0.8.2
22 silly idealTree ├── object-assign@4.1.0
22 silly idealTree ├── object-component@0.0.3
22 silly idealTree ├── object-path@0.9.2
22 silly idealTree ├── object.omit@2.0.1
22 silly idealTree ├── on-finished@2.3.0
22 silly idealTree ├── on-headers@1.0.1
22 silly idealTree ├── once@1.3.3
22 silly idealTree ├── openurl@1.1.0
22 silly idealTree ├── opn@4.0.2
22 silly idealTree ├─┬ optimist@0.6.1
22 silly idealTree │ └── minimist@0.0.8
22 silly idealTree ├── options@0.0.6
22 silly idealTree ├── orchestrator@0.3.8
22 silly idealTree ├── ordered-read-streams@0.1.0
22 silly idealTree ├── os-homedir@1.0.2
22 silly idealTree ├── os-locale@1.4.0
22 silly idealTree ├── os-tmpdir@1.0.2
22 silly idealTree ├── osenv@0.1.4
22 silly idealTree ├── package-json@1.2.0
22 silly idealTree ├── packet-reader@0.2.0
22 silly idealTree ├── parse-glob@3.0.4
22 silly idealTree ├── parse-json@2.2.0
22 silly idealTree ├── parse-passwd@1.0.0
22 silly idealTree ├── parsejson@0.0.3
22 silly idealTree ├── parseqs@0.0.5
22 silly idealTree ├── parseuri@0.0.5
22 silly idealTree ├── parseurl@1.3.1
22 silly idealTree ├── path-exists@2.1.0
22 silly idealTree ├── path-is-absolute@1.0.1
22 silly idealTree ├── path-is-inside@1.0.2
22 silly idealTree ├── path-to-regexp@0.1.7
22 silly idealTree ├── path-type@1.1.0
22 silly idealTree ├── pause-stream@0.0.11
22 silly idealTree ├── pg-connection-string@0.1.3
22 silly idealTree ├─┬ pg-pool@1.6.0
22 silly idealTree │ └── generic-pool@2.4.2
22 silly idealTree ├── pg-types@1.11.0
22 silly idealTree ├─┬ pg@6.1.2
22 silly idealTree │ └── semver@4.3.2
22 silly idealTree ├─┬ pgpass@1.0.1
22 silly idealTree │ └── split@1.0.0
22 silly idealTree ├── pify@2.3.0
22 silly idealTree ├── pinkie-promise@2.0.1
22 silly idealTree ├── pinkie@2.0.4
22 silly idealTree ├── portscanner@2.1.1
22 silly idealTree ├── postgres-array@1.0.2
22 silly idealTree ├── postgres-bytea@1.0.0
22 silly idealTree ├── postgres-date@1.0.3
22 silly idealTree ├── postgres-interval@1.0.2
22 silly idealTree ├── prepend-http@1.0.4
22 silly idealTree ├── preserve@0.2.0
22 silly idealTree ├── pretty-hrtime@1.0.3
22 silly idealTree ├── process-nextick-args@1.0.7
22 silly idealTree ├── protractor-jasmine2-screenshot-reporter@0.3.5
22 silly idealTree ├── protractor@4.0.13
22 silly idealTree ├── proxy-addr@1.1.2
22 silly idealTree ├── ps-tree@1.1.0
22 silly idealTree ├── punycode@1.4.1
22 silly idealTree ├── q@1.4.1
22 silly idealTree ├── qs@6.2.1
22 silly idealTree ├── randomatic@1.1.6
22 silly idealTree ├── range-parser@1.2.0
22 silly idealTree ├── raw-body@2.1.7
22 silly idealTree ├── rc@1.1.6
22 silly idealTree ├── read-all-stream@3.1.0
22 silly idealTree ├── read-pkg-up@1.0.1
22 silly idealTree ├── read-pkg@1.1.0
22 silly idealTree ├─┬ readable-stream@2.2.2
22 silly idealTree │ └── isarray@1.0.0
22 silly idealTree ├── readdirp@2.1.0
22 silly idealTree ├── rechoir@0.6.2
22 silly idealTree ├── redent@1.0.0
22 silly idealTree ├── regenerator-runtime@0.10.1
22 silly idealTree ├── regex-cache@0.4.3
22 silly idealTree ├── registry-url@3.1.0
22 silly idealTree ├── repeat-element@1.1.2
22 silly idealTree ├── repeat-string@1.6.1
22 silly idealTree ├── repeating@1.1.3
22 silly idealTree ├── replace-ext@0.0.1
22 silly idealTree ├─┬ request@2.78.0
22 silly idealTree │ └── qs@6.3.0
22 silly idealTree ├── require-directory@2.1.1
22 silly idealTree ├── require-main-filename@1.0.1
22 silly idealTree ├── requires-port@1.0.0
22 silly idealTree ├── resolve-dir@0.1.1
22 silly idealTree ├── resolve@1.2.0
22 silly idealTree ├── resp-modifier@6.0.2
22 silly idealTree ├── rimraf@2.5.4
22 silly idealTree ├── rx@4.1.0
22 silly idealTree ├── samsam@1.1.2
22 silly idealTree ├── saucelabs@1.3.0
22 silly idealTree ├── sax@0.6.1
22 silly idealTree ├─┬ selenium-webdriver@2.53.3
22 silly idealTree │ └── adm-zip@0.4.4
22 silly idealTree ├── semver-diff@2.1.0
22 silly idealTree ├── semver@5.3.0
22 silly idealTree ├── send@0.14.1
22 silly idealTree ├── sequencify@0.0.7
22 silly idealTree ├── serve-index@1.8.0
22 silly idealTree ├── serve-static@1.11.1
22 silly idealTree ├── server-destroy@1.0.1
22 silly idealTree ├── set-blocking@2.0.0
22 silly idealTree ├── set-immediate-shim@1.0.1
22 silly idealTree ├── setprototypeof@1.0.2
22 silly idealTree ├── sigmund@1.0.1
22 silly idealTree ├── signal-exit@3.0.2
22 silly idealTree ├── sinon-chai@2.8.0
22 silly idealTree ├─┬ sinon@1.17.6
22 silly idealTree │ └── lolex@1.3.2
22 silly idealTree ├── slide@1.1.6
22 silly idealTree ├── sntp@1.0.9
22 silly idealTree ├─┬ socket.io-adapter@0.5.0
22 silly idealTree │ ├── debug@2.3.3
22 silly idealTree │ └── ms@0.7.2
22 silly idealTree ├─┬ socket.io-client@1.6.0
22 silly idealTree │ ├── debug@2.3.3
22 silly idealTree │ └── ms@0.7.2
22 silly idealTree ├─┬ socket.io-parser@2.3.1
22 silly idealTree │ └── component-emitter@1.1.2
22 silly idealTree ├─┬ socket.io@1.6.0
22 silly idealTree │ ├── debug@2.3.3
22 silly idealTree │ └── ms@0.7.2
22 silly idealTree ├── source-map-support@0.4.6
22 silly idealTree ├── source-map@0.5.6
22 silly idealTree ├── sparkles@1.0.0
22 silly idealTree ├── spdx-correct@1.0.2
22 silly idealTree ├── spdx-expression-parse@1.0.4
22 silly idealTree ├── spdx-license-ids@1.2.2
22 silly idealTree ├── split@0.3.3
22 silly idealTree ├── sshpk@1.10.1
22 silly idealTree ├── statuses@1.3.1
22 silly idealTree ├── stream-combiner@0.0.4
22 silly idealTree ├── stream-consume@0.1.0
22 silly idealTree ├── stream-shift@1.0.0
22 silly idealTree ├── stream-throttle@0.1.3
22 silly idealTree ├── string_decoder@0.10.31
22 silly idealTree ├── string-length@1.0.1
22 silly idealTree ├── string-width@1.0.2
22 silly idealTree ├── string.prototype.startswith@0.2.0
22 silly idealTree ├── stringstream@0.0.5
22 silly idealTree ├── strip-ansi@3.0.1
22 silly idealTree ├── strip-bom@1.0.0
22 silly idealTree ├── strip-indent@1.0.1
22 silly idealTree ├── strip-json-comments@1.0.4
22 silly idealTree ├─┬ superagent@2.3.0
22 silly idealTree │ └── form-data@1.0.0-rc4
22 silly idealTree ├── supports-color@1.2.0
22 silly idealTree ├─┬ tar-pack@3.3.0
22 silly idealTree │ ├── isarray@1.0.0
22 silly idealTree │ └── readable-stream@2.1.5
22 silly idealTree ├── tar@2.2.1
22 silly idealTree ├── tfunk@3.0.2
22 silly idealTree ├── through@2.3.8
22 silly idealTree ├─┬ through2@0.6.5
22 silly idealTree │ └── readable-stream@1.0.34
22 silly idealTree ├── tildify@1.0.0
22 silly idealTree ├── time-stamp@1.0.1
22 silly idealTree ├── timed-out@2.0.0
22 silly idealTree ├── tmp@0.0.24
22 silly idealTree ├── to-array@0.1.4
22 silly idealTree ├── to-iso-string@0.0.2
22 silly idealTree ├─┬ touch@1.0.0
22 silly idealTree │ └── nopt@1.0.10
22 silly idealTree ├── tough-cookie@2.3.2
22 silly idealTree ├── trim-newlines@1.0.0
22 silly idealTree ├── tunnel-agent@0.4.3
22 silly idealTree ├── tweetnacl@0.14.5
22 silly idealTree ├── type-detect@1.0.0
22 silly idealTree ├── type-is@1.6.14
22 silly idealTree ├── ua-parser-js@0.7.12
22 silly idealTree ├── uid-number@0.0.6
22 silly idealTree ├── ultron@1.0.2
22 silly idealTree ├── undefsafe@0.0.3
22 silly idealTree ├── underscore@1.7.0
22 silly idealTree ├── unique-stream@1.0.0
22 silly idealTree ├── unpipe@1.0.0
22 silly idealTree ├── update-notifier@0.5.0
22 silly idealTree ├── user-home@1.1.1
22 silly idealTree ├── util-deprecate@1.0.2
22 silly idealTree ├─┬ util@0.10.3
22 silly idealTree │ └── inherits@2.0.1
22 silly idealTree ├── utils-merge@1.0.0
22 silly idealTree ├── uuid@2.0.3
22 silly idealTree ├── v8flags@2.0.11
22 silly idealTree ├── validate-npm-package-license@3.0.1
22 silly idealTree ├── vary@1.1.0
22 silly idealTree ├── verror@1.3.6
22 silly idealTree ├─┬ vinyl-fs@0.3.14
22 silly idealTree │ └── graceful-fs@3.0.11
22 silly idealTree ├─┬ vinyl@0.4.6
22 silly idealTree │ └── clone@0.2.0
22 silly idealTree ├── vlq@0.2.1
22 silly idealTree ├── webdriver-manager@10.2.10
22 silly idealTree ├─┬ weinre@2.0.0-pre-I0Z7U9OV
22 silly idealTree │ ├─┬ connect@1.9.2
22 silly idealTree │ │ ├── mime@1.3.4
22 silly idealTree │ │ └── qs@6.3.0
22 silly idealTree │ ├── express@2.5.11
22 silly idealTree │ ├── mime@1.2.4
22 silly idealTree │ ├── mkdirp@0.3.0
22 silly idealTree │ └── qs@0.4.2
22 silly idealTree ├── which-module@1.0.0
22 silly idealTree ├── which@1.2.12
22 silly idealTree ├── wide-align@1.1.0
22 silly idealTree ├── window-size@0.2.0
22 silly idealTree ├── wordwrap@0.0.3
22 silly idealTree ├── wrap-ansi@2.1.0
22 silly idealTree ├── wrappy@1.0.2
22 silly idealTree ├── write-file-atomic@1.2.0
22 silly idealTree ├── ws@1.1.1
22 silly idealTree ├── wtf-8@1.0.0
22 silly idealTree ├── xdg-basedir@2.0.0
22 silly idealTree ├── xml2js@0.4.4
22 silly idealTree ├── xmlbuilder@8.2.2
22 silly idealTree ├── xmlhttprequest-ssl@1.5.3
22 silly idealTree ├── xtend@4.0.1
22 silly idealTree ├── y18n@3.2.1
22 silly idealTree ├── yargs-parser@4.2.0
22 silly idealTree ├── yargs@6.4.0
22 silly idealTree └── yeast@0.1.2
23 silly generateActionsToTake Starting
24 silly install generateActionsToTake
25 silly generateActionsToTake Finishing
26 silly diffTrees action count 0
27 silly decomposeActions action count 0
28 silly runTopLevelLifecycles Starting
29 silly install runPreinstallTopLevelLifecycles
30 silly preinstall rick-and-morty-quotes@1.0.0
31 info lifecycle rick-and-morty-quotes@1.0.0~preinstall: rick-and-morty-quotes@1.0.0
32 silly lifecycle rick-and-morty-quotes@1.0.0~preinstall: no script for preinstall, continuing
33 silly executeActions Starting
34 silly install executeActions
35 silly doSerial global-install 0
36 silly doParallel fetch 0
37 verbose correctMkdir /Users/user/.npm/_locks correctMkdir not in flight; initializing
38 verbose lock using /Users/user/.npm/_locks/staging-9f90b6d9a01d4f4a.lock for /Users/user/Desktop/G43-Class-Projects/rick-and-morty-quotes/node_modules/.staging
39 silly doParallel extract 0
40 silly doParallel preinstall 0
41 silly doReverseSerial remove 0
42 silly doSerial move 0
43 silly doSerial finalize 0
44 silly doSerial build 0
45 silly doSerial global-link 0
46 silly doParallel update-linked 0
47 silly doSerial install 0
48 silly doSerial postinstall 0
49 verbose unlock done using /Users/user/.npm/_locks/staging-9f90b6d9a01d4f4a.lock for /Users/user/Desktop/G43-Class-Projects/rick-and-morty-quotes/node_modules/.staging
50 silly executeActions Finishing
51 silly rollbackFailedOptional Starting
52 silly rollbackFailedOptional Finishing
53 silly install runPostinstallTopLevelLifecycles
54 silly build rick-and-morty-quotes@1.0.0
55 info linkStuff rick-and-morty-quotes@1.0.0
56 silly linkStuff rick-and-morty-quotes@1.0.0 has /Users/user/Desktop/G43-Class-Projects as its parent node_modules
57 verbose linkBins rick-and-morty-quotes@1.0.0
58 verbose linkMans rick-and-morty-quotes@1.0.0
59 silly install rick-and-morty-quotes@1.0.0
60 info lifecycle rick-and-morty-quotes@1.0.0~install: rick-and-morty-quotes@1.0.0
61 silly lifecycle rick-and-morty-quotes@1.0.0~install: no script for install, continuing
62 silly postinstall rick-and-morty-quotes@1.0.0
63 info lifecycle rick-and-morty-quotes@1.0.0~postinstall: rick-and-morty-quotes@1.0.0
64 verbose lifecycle rick-and-morty-quotes@1.0.0~postinstall: unsafe-perm in lifecycle true
65 verbose lifecycle rick-and-morty-quotes@1.0.0~postinstall: PATH: /usr/local/lib/node_modules/npm/bin/node-gyp-bin:/Users/user/Desktop/G43-Class-Projects/rick-and-morty-quotes/node_modules/.bin:/usr/local/bin:/usr/bin:/bin:/usr/sbin:/sbin
66 verbose lifecycle rick-and-morty-quotes@1.0.0~postinstall: CWD: /Users/user/Desktop/G43-Class-Projects/rick-and-morty-quotes
67 silly lifecycle rick-and-morty-quotes@1.0.0~postinstall: Args: [ '-c', 'sh ./setup.sh' ]
68 silly lifecycle rick-and-morty-quotes@1.0.0~postinstall: Returned: code: 1  signal: null
69 info lifecycle rick-and-morty-quotes@1.0.0~postinstall: Failed to exec postinstall script
70 warn rick-and-morty-quotes@1.0.0 No repository field.
71 verbose If you need help, you may report this error at:
71 verbose     <https://github.com/npm/npm/issues>
72 verbose stack Error: rick-and-morty-quotes@1.0.0 postinstall: `sh ./setup.sh`
72 verbose stack Exit status 1
72 verbose stack     at EventEmitter.<anonymous> (/usr/local/lib/node_modules/npm/lib/utils/lifecycle.js:279:16)
72 verbose stack     at emitTwo (events.js:106:13)
72 verbose stack     at EventEmitter.emit (events.js:191:7)
72 verbose stack     at ChildProcess.<anonymous> (/usr/local/lib/node_modules/npm/lib/utils/spawn.js:40:14)
72 verbose stack     at emitTwo (events.js:106:13)
72 verbose stack     at ChildProcess.emit (events.js:191:7)
72 verbose stack     at maybeClose (internal/child_process.js:885:16)
72 verbose stack     at Process.ChildProcess._handle.onexit (internal/child_process.js:226:5)
73 verbose pkgid rick-and-morty-quotes@1.0.0
74 verbose cwd /Users/user/Desktop/G43-Class-Projects/rick-and-morty-quotes
75 error Darwin 14.5.0
76 error argv "/usr/local/Cellar/node/7.4.0/bin/node" "/usr/local/bin/npm" "install"
77 error node v7.4.0
78 error npm  v4.1.1
79 error code ELIFECYCLE
80 error rick-and-morty-quotes@1.0.0 postinstall: `sh ./setup.sh`
80 error Exit status 1
81 error Failed at the rick-and-morty-quotes@1.0.0 postinstall script 'sh ./setup.sh'.
81 error Make sure you have the latest version of node.js and npm installed.
81 error If you do, this is most likely a problem with the rick-and-morty-quotes package,
81 error not with npm itself.
81 error Tell the author that this fails on your system:
81 error     sh ./setup.sh
81 error You can get information on how to open an issue for this project with:
81 error     npm bugs rick-and-morty-quotes
81 error Or if that isn't available, you can get their info via:
81 error     npm owner ls rick-and-morty-quotes
81 error There is likely additional logging output above.
82 verbose exit [ 1, true ]
